<?xml version="1.0" encoding="UTF-8"?>
<!-- Generated by org.testng.reporters.JUnitReportReporter -->
<testsuite hostname="CPDK356" failures="0" tests="2" name="com.AttendanceSeliniumTest.main.AttendanceRequestTeacherPage" time="12.568" errors="0" timestamp="2025-02-12T17:45:53 IST" skipped="0">
  <testcase classname="com.AttendanceSeliniumTest.main.AttendanceRequestTeacherPage" name="ApproveButtonCheck" time="6.384"/>
  <system-out/>
  <testcase classname="com.AttendanceSeliniumTest.main.AttendanceRequestTeacherPage" name="rejectButtonCheck" time="6.184"/>
  <system-out/>
</testsuite> <!-- com.AttendanceSeliniumTest.main.AttendanceRequestTeacherPage -->
