<?xml version="1.0" encoding="UTF-8"?>
<!-- Generated by org.testng.reporters.JUnitReportReporter -->
<testsuite hostname="CPDK356" failures="0" tests="2" name="com.AttendanceSeliniumTest.main.AttendanceRequestStudentPage" time="11.442" errors="0" timestamp="2025-02-13T12:33:13 IST" skipped="0">
  <testcase classname="com.AttendanceSeliniumTest.main.AttendanceRequestStudentPage" name="approveButtonCheck" time="7.268"/>
  <system-out/>
  <testcase classname="com.AttendanceSeliniumTest.main.AttendanceRequestStudentPage" name="rejectButtonCheck" time="4.174"/>
  <system-out/>
</testsuite> <!-- com.AttendanceSeliniumTest.main.AttendanceRequestStudentPage -->
