<?xml version="1.0" encoding="UTF-8"?>
<!-- Generated by org.testng.reporters.JUnitReportReporter -->
<testsuite hostname="CPDK356" failures="0" tests="1" name="com.AttendanceSeliniumTest.main.AttendanceMarkPage" time="2.254" errors="0" timestamp="2025-02-14T13:17:11 IST" skipped="0">
  <testcase classname="com.AttendanceSeliniumTest.main.AttendanceMarkPage" name="SubmitButtonCheck_Mark" time="2.254"/>
  <system-out/>
</testsuite> <!-- com.AttendanceSeliniumTest.main.AttendanceMarkPage -->
