<?xml version="1.0" encoding="UTF-8"?>
<!-- Generated by org.testng.reporters.JUnitReportReporter -->
<testsuite hostname="CPDK356" failures="0" tests="2" name="com.AttendanceSeliniumTest.main.ViewAllAttendanceRequestPage" time="9.369" errors="0" timestamp="2025-02-12T18:01:25 IST" skipped="0">
  <testcase classname="com.AttendanceSeliniumTest.main.ViewAllAttendanceRequestPage" name="ApproveButtonCheck" time="7.190"/>
  <system-out/>
  <testcase classname="com.AttendanceSeliniumTest.main.ViewAllAttendanceRequestPage" name="rejectButtonCheck" time="2.179"/>
  <system-out/>
</testsuite> <!-- com.AttendanceSeliniumTest.main.ViewAllAttendanceRequestPage -->
