<?xml version="1.0" encoding="UTF-8"?>
<!-- Generated by org.testng.reporters.JUnitReportReporter -->
<testsuite hostname="CPDK356" failures="0" tests="3" name="com.AttendanceSeliniumTest.main.AttendanceModule.AttendanceTest" time="27.723" errors="0" timestamp="2025-02-18T10:36:30 IST" skipped="0">
  <testcase classname="com.AttendanceSeliniumTest.main.AttendanceModule.AttendanceTest" name="testAdminLoginAndNavigation" time="4.299"/>
  <system-out/>
  <testcase classname="com.AttendanceSeliniumTest.main.AttendanceModule.AttendanceTest" name="testMarkAttendance" time="7.942"/>
  <system-out/>
  <testcase classname="com.AttendanceSeliniumTest.main.AttendanceModule.AttendanceTest" name="testAttendanceHistory" time="15.482"/>
  <system-out/>
</testsuite> <!-- com.AttendanceSeliniumTest.main.AttendanceModule.AttendanceTest -->
